# JRE version: Java(TM) SE Runtime Environment (8.0_152-b16) (build 1.8.0_152-b16)
# Java VM: Java HotSpot(TM) 64-Bit Server VM (25.152-b16 mixed mode windows-amd64 compressed oops)
Heap:
 PSYoungGen      total 299008K, used 46755K [0x00000000d5e00000, 0x00000000f4080000, 0x0000000100000000)
  eden space 260608K, 17% used [0x00000000d5e00000,0x00000000d8ba8fb0,0x00000000e5c80000)
  from space 38400K, 0% used [0x00000000f1b00000,0x00000000f1b00000,0x00000000f4080000)
  to   space 28160K, 0% used [0x00000000e5c80000,0x00000000e5c80000,0x00000000e7800000)
 ParOldGen       total 78336K, used 25369K [0x0000000081a00000, 0x0000000086680000, 0x00000000d5e00000)
  object space 78336K, 32% used [0x0000000081a00000,0x00000000832c6458,0x0000000086680000)
 Metaspace       used 24389K, capacity 24896K, committed 25216K, reserved 1071104K
  class space    used 3220K, capacity 3357K, committed 3456K, reserved 1048576K
GC Heap History (10 events):
Event: 5.737 GC heap before
{Heap before GC invocations=9 (full 0):
 PSYoungGen      total 287232K, used 280276K [0x00000000d5e00000, 0x00000000e9500000, 0x0000000100000000)
  eden space 260608K, 100% used [0x00000000d5e00000,0x00000000e5c80000,0x00000000e5c80000)
  from space 26624K, 73% used [0x00000000e7800000,0x00000000e8b353c0,0x00000000e9200000)
  to   space 28160K, 0% used [0x00000000e5c80000,0x00000000e5c80000,0x00000000e7800000)
 ParOldGen       total 87552K, used 29692K [0x0000000081a00000, 0x0000000086f80000, 0x00000000d5e00000)
  object space 87552K, 33% used [0x0000000081a00000,0x00000000836ff370,0x0000000086f80000)
 Metaspace       used 20010K, capacity 20338K, committed 20608K, reserved 1067008K
  class space    used 2576K, capacity 2678K, committed 2688K, reserved 1048576K
Event: 5.776 GC heap after
Heap after GC invocations=9 (full 0):
 PSYoungGen      total 288768K, used 28157K [0x00000000d5e00000, 0x00000000f4080000, 0x0000000100000000)
  eden space 260608K, 0% used [0x00000000d5e00000,0x00000000d5e00000,0x00000000e5c80000)
  from space 28160K, 99% used [0x00000000e5c80000,0x00000000e77ff7e8,0x00000000e7800000)
  to   space 38400K, 0% used [0x00000000f1b00000,0x00000000f1b00000,0x00000000f4080000)
 ParOldGen       total 87552K, used 43957K [0x0000000081a00000, 0x0000000086f80000, 0x00000000d5e00000)
  object space 87552K, 50% used [0x0000000081a00000,0x00000000844ed7a0,0x0000000086f80000)
 Metaspace       used 20010K, capacity 20338K, committed 20608K, reserved 1067008K
  class space    used 2576K, capacity 2678K, committed 2688K, reserved 1048576K
}
Event: 6.150 GC heap before
{Heap before GC invocations=10 (full 0):
 PSYoungGen      total 288768K, used 288765K [0x00000000d5e00000, 0x00000000f4080000, 0x0000000100000000)
  eden space 260608K, 100% used [0x00000000d5e00000,0x00000000e5c80000,0x00000000e5c80000)
  from space 28160K, 99% used [0x00000000e5c80000,0x00000000e77ff7e8,0x00000000e7800000)
  to   space 38400K, 0% used [0x00000000f1b00000,0x00000000f1b00000,0x00000000f4080000)
 ParOldGen       total 87552K, used 43958K [0x0000000081a00000, 0x0000000086f80000, 0x00000000d5e00000)
  object space 87552K, 50% used [0x0000000081a00000,0x00000000844ed858,0x0000000086f80000)
 Metaspace       used 20180K, capacity 20600K, committed 20992K, reserved 1067008K
  class space    used 2591K, capacity 2744K, committed 2816K, reserved 1048576K
Event: 6.186 GC heap after
Heap after GC invocations=10 (full 0):
 PSYoungGen      total 299008K, used 38377K [0x00000000d5e00000, 0x00000000f4080000, 0x0000000100000000)
  eden space 260608K, 0% used [0x00000000d5e00000,0x00000000d5e00000,0x00000000e5c80000)
  from space 38400K, 99% used [0x00000000f1b00000,0x00000000f407a500,0x00000000f4080000)
  to   space 28160K, 0% used [0x00000000e5c80000,0x00000000e5c80000,0x00000000e7800000)
 ParOldGen       total 87552K, used 46741K [0x0000000081a00000, 0x0000000086f80000, 0x00000000d5e00000)
  object space 87552K, 53% used [0x0000000081a00000,0x00000000847a5788,0x0000000086f80000)
 Metaspace       used 20180K, capacity 20600K, committed 20992K, reserved 1067008K
  class space    used 2591K, capacity 2744K, committed 2816K, reserved 1048576K
}
Event: 6.624 GC heap before
{Heap before GC invocations=11 (full 0):
 PSYoungGen      total 299008K, used 298985K [0x00000000d5e00000, 0x00000000f4080000, 0x0000000100000000)
  eden space 260608K, 100% used [0x00000000d5e00000,0x00000000e5c80000,0x00000000e5c80000)
  from space 38400K, 99% used [0x00000000f1b00000,0x00000000f407a500,0x00000000f4080000)
  to   space 28160K, 0% used [0x00000000e5c80000,0x00000000e5c80000,0x00000000e7800000)
 ParOldGen       total 87552K, used 46744K [0x0000000081a00000, 0x0000000086f80000, 0x00000000d5e00000)
  object space 87552K, 53% used [0x0000000081a00000,0x00000000847a61b0,0x0000000086f80000)
 Metaspace       used 20274K, capacity 20830K, committed 20992K, reserved 1067008K
  class space    used 2602K, capacity 2753K, committed 2816K, reserved 1048576K
Event: 6.646 GC heap after
Heap after GC invocations=11 (full 0):
 PSYoungGen      total 288768K, used 28141K [0x00000000d5e00000, 0x00000000f4080000, 0x0000000100000000)
  eden space 260608K, 0% used [0x00000000d5e00000,0x00000000d5e00000,0x00000000e5c80000)
  from space 28160K, 99% used [0x00000000e5c80000,0x00000000e77fb4a8,0x00000000e7800000)
  to   space 38400K, 0% used [0x00000000f1b00000,0x00000000f1b00000,0x00000000f4080000)
 ParOldGen       total 87552K, used 57936K [0x0000000081a00000, 0x0000000086f80000, 0x00000000d5e00000)
  object space 87552K, 66% used [0x0000000081a00000,0x0000000085294290,0x0000000086f80000)
 Metaspace       used 20274K, capacity 20830K, committed 20992K, reserved 1067008K
  class space    used 2602K, capacity 2753K, committed 2816K, reserved 1048576K
}
Event: 6.823 GC heap before
{Heap before GC invocations=12 (full 0):
 PSYoungGen      total 288768K, used 138430K [0x00000000d5e00000, 0x00000000f4080000, 0x0000000100000000)
  eden space 260608K, 42% used [0x00000000d5e00000,0x00000000dc9b4500,0x00000000e5c80000)
  from space 28160K, 99% used [0x00000000e5c80000,0x00000000e77fb4a8,0x00000000e7800000)
  to   space 38400K, 0% used [0x00000000f1b00000,0x00000000f1b00000,0x00000000f4080000)
 ParOldGen       total 87552K, used 57936K [0x0000000081a00000, 0x0000000086f80000, 0x00000000d5e00000)
  object space 87552K, 66% used [0x0000000081a00000,0x0000000085294290,0x0000000086f80000)
 Metaspace       used 20625K, capacity 21086K, committed 21248K, reserved 1067008K
  class space    used 2632K, capacity 2753K, committed 2816K, reserved 1048576K
Event: 6.830 GC heap after
Heap after GC invocations=12 (full 0):
 PSYoungGen      total 299008K, used 14892K [0x00000000d5e00000, 0x00000000f4080000, 0x0000000100000000)
  eden space 260608K, 0% used [0x00000000d5e00000,0x00000000d5e00000,0x00000000e5c80000)
  from space 38400K, 38% used [0x00000000f1b00000,0x00000000f298b2f8,0x00000000f4080000)
  to   space 28160K, 0% used [0x00000000e5c80000,0x00000000e5c80000,0x00000000e7800000)
 ParOldGen       total 87552K, used 58079K [0x0000000081a00000, 0x0000000086f80000, 0x00000000d5e00000)
  object space 87552K, 66% used [0x0000000081a00000,0x00000000852b7fe0,0x0000000086f80000)
 Metaspace       used 20625K, capacity 21086K, committed 21248K, reserved 1067008K
  class space    used 2632K, capacity 2753K, committed 2816K, reserved 1048576K
}
Event: 6.830 GC heap before
{Heap before GC invocations=13 (full 1):
 PSYoungGen      total 299008K, used 14892K [0x00000000d5e00000, 0x00000000f4080000, 0x0000000100000000)
  eden space 260608K, 0% used [0x00000000d5e00000,0x00000000d5e00000,0x00000000e5c80000)
  from space 38400K, 38% used [0x00000000f1b00000,0x00000000f298b2f8,0x00000000f4080000)
  to   space 28160K, 0% used [0x00000000e5c80000,0x00000000e5c80000,0x00000000e7800000)
 ParOldGen       total 87552K, used 58079K [0x0000000081a00000, 0x0000000086f80000, 0x00000000d5e00000)
  object space 87552K, 66% used [0x0000000081a00000,0x00000000852b7fe0,0x0000000086f80000)
 Metaspace       used 20625K, capacity 21086K, committed 21248K, reserved 1067008K
  class space    used 2632K, capacity 2753K, committed 2816K, reserved 1048576K
Event: 6.872 GC heap after
Heap after GC invocations=13 (full 1):
 PSYoungGen      total 299008K, used 0K [0x00000000d5e00000, 0x00000000f4080000, 0x0000000100000000)
  eden space 260608K, 0% used [0x00000000d5e00000,0x00000000d5e00000,0x00000000e5c80000)
  from space 38400K, 0% used [0x00000000f1b00000,0x00000000f1b00000,0x00000000f4080000)
  to   space 28160K, 0% used [0x00000000e5c80000,0x00000000e5c80000,0x00000000e7800000)
 ParOldGen       total 78336K, used 25369K [0x0000000081a00000, 0x0000000086680000, 0x00000000d5e00000)
  object space 78336K, 32% used [0x0000000081a00000,0x00000000832c6458,0x0000000086680000)
 Metaspace       used 20615K, capacity 21056K, committed 21248K, reserved 1067008K
  class space    used 2629K, capacity 2743K, committed 2816K, reserved 1048576K
}

